<?xml version="1.0" encoding="UTF-8"?>
<testsuite name="asset.repository.RepositoryTest" tests="2" skipped="0" failures="0" errors="0" timestamp="2023-06-18T12:36:56" hostname="DESKTOP-49RNT6Q" time="0.147">
  <properties/>
  <testcase name="findAll()" classname="asset.repository.RepositoryTest" time="0.144"/>
  <testcase name="save()" classname="asset.repository.RepositoryTest" time="0.002"/>
  <system-out><![CDATA[]]></system-out>
  <system-err><![CDATA[]]></system-err>
</testsuite>
